[2018-01-13T13:38:07,332][INFO ][o.e.n.Node               ] [] initializing ...
[2018-01-13T13:38:07,416][INFO ][o.e.e.NodeEnvironment    ] [E-F4duA] using [1] data paths, mounts [[/ (/dev/sda2)]], net usable_space [92.6gb], net total_space [172.5gb], spins? [no], types [ext4]
[2018-01-13T13:38:07,416][INFO ][o.e.e.NodeEnvironment    ] [E-F4duA] heap size [1.9gb], compressed ordinary object pointers [true]
[2018-01-13T13:38:07,433][INFO ][o.e.n.Node               ] node name [E-F4duA] derived from node ID [E-F4duAkRYy_xefqmR-mow]; set [node.name] to override
[2018-01-13T13:38:07,434][INFO ][o.e.n.Node               ] version[5.5.2], pid[4984], build[b2f0c09/2017-08-14T12:33:14.154Z], OS[Linux/4.4.8-040408-generic/amd64], JVM[Oracle Corporation/OpenJDK 64-Bit Server VM/1.8.0_151/25.151-b12]
[2018-01-13T13:38:07,434][INFO ][o.e.n.Node               ] JVM arguments [-Xms2g, -Xmx2g, -XX:+UseConcMarkSweepGC, -XX:CMSInitiatingOccupancyFraction=75, -XX:+UseCMSInitiatingOccupancyOnly, -XX:+AlwaysPreTouch, -Xss1m, -Djava.awt.headless=true, -Dfile.encoding=UTF-8, -Djna.nosys=true, -Djdk.io.permissionsUseCanonicalPath=true, -Dio.netty.noUnsafe=true, -Dio.netty.noKeySetOptimization=true, -Dio.netty.recycler.maxCapacityPerThread=0, -Dlog4j.shutdownHookEnabled=false, -Dlog4j2.disable.jmx=true, -Dlog4j.skipJansi=true, -XX:+HeapDumpOnOutOfMemoryError, -Des.path.home=/home/eric/Projects/elasticsearch/DBPRO-DokCluster/applications/elasticsearch]
[2018-01-13T13:38:08,512][INFO ][o.e.p.PluginsService     ] [E-F4duA] loaded module [aggs-matrix-stats]
[2018-01-13T13:38:08,512][INFO ][o.e.p.PluginsService     ] [E-F4duA] loaded module [ingest-common]
[2018-01-13T13:38:08,512][INFO ][o.e.p.PluginsService     ] [E-F4duA] loaded module [lang-expression]
[2018-01-13T13:38:08,512][INFO ][o.e.p.PluginsService     ] [E-F4duA] loaded module [lang-groovy]
[2018-01-13T13:38:08,513][INFO ][o.e.p.PluginsService     ] [E-F4duA] loaded module [lang-mustache]
[2018-01-13T13:38:08,513][INFO ][o.e.p.PluginsService     ] [E-F4duA] loaded module [lang-painless]
[2018-01-13T13:38:08,514][INFO ][o.e.p.PluginsService     ] [E-F4duA] loaded module [parent-join]
[2018-01-13T13:38:08,514][INFO ][o.e.p.PluginsService     ] [E-F4duA] loaded module [percolator]
[2018-01-13T13:38:08,514][INFO ][o.e.p.PluginsService     ] [E-F4duA] loaded module [reindex]
[2018-01-13T13:38:08,515][INFO ][o.e.p.PluginsService     ] [E-F4duA] loaded module [transport-netty3]
[2018-01-13T13:38:08,515][INFO ][o.e.p.PluginsService     ] [E-F4duA] loaded module [transport-netty4]
[2018-01-13T13:38:08,516][INFO ][o.e.p.PluginsService     ] [E-F4duA] loaded plugin [elasticsearch-carrot2]
[2018-01-13T13:38:10,363][INFO ][o.e.d.DiscoveryModule    ] [E-F4duA] using discovery type [zen]
[2018-01-13T13:38:11,236][INFO ][o.e.n.Node               ] initialized
[2018-01-13T13:38:11,237][INFO ][o.e.n.Node               ] [E-F4duA] starting ...
[2018-01-13T13:38:11,237][INFO ][p.carrot2                ] Configuration files at: /home/eric/Projects/elasticsearch/DBPRO-DokCluster/applications/elasticsearch/config/elasticsearch-carrot2
[2018-01-13T13:38:11,773][INFO ][p.carrot2                ] Available clustering components: lingo, stc, kmeans, byurl
[2018-01-13T13:38:11,773][INFO ][p.carrot2                ] Unavailable clustering components: lingo3g
[2018-01-13T13:38:11,774][INFO ][p.carrot2                ] Lexical resources dir: /home/eric/Projects/elasticsearch/DBPRO-DokCluster/applications/elasticsearch/config/elasticsearch-carrot2
[2018-01-13T13:38:11,972][WARN ][i.n.u.i.MacAddressUtil   ] Failed to find a usable hardware address from the network interfaces; using random bytes: b0:6b:94:03:7e:18:dc:75
[2018-01-13T13:38:12,045][INFO ][o.e.t.TransportService   ] [E-F4duA] publish_address {127.0.0.1:9300}, bound_addresses {[::1]:9300}, {127.0.0.1:9300}
[2018-01-13T13:38:12,058][WARN ][o.e.b.BootstrapChecks    ] [E-F4duA] max virtual memory areas vm.max_map_count [65530] is too low, increase to at least [262144]
[2018-01-13T13:38:15,133][INFO ][o.e.c.s.ClusterService   ] [E-F4duA] new_master {E-F4duA}{E-F4duAkRYy_xefqmR-mow}{kF87mo0lT1y5SQqFr8DlLQ}{127.0.0.1}{127.0.0.1:9300}, reason: zen-disco-elected-as-master ([0] nodes joined)
[2018-01-13T13:38:15,152][INFO ][o.e.h.n.Netty4HttpServerTransport] [E-F4duA] publish_address {127.0.0.1:9200}, bound_addresses {[::1]:9200}, {127.0.0.1:9200}
[2018-01-13T13:38:15,153][INFO ][o.e.n.Node               ] [E-F4duA] started
[2018-01-13T13:38:15,362][INFO ][o.e.g.GatewayService     ] [E-F4duA] recovered [2] indices into cluster_state
[2018-01-13T13:38:15,732][INFO ][o.e.c.r.a.AllocationService] [E-F4duA] Cluster health status changed from [RED] to [YELLOW] (reason: [shards started [[.kibana][0]] ...]).
