[2017-12-15T16:11:28,291][INFO ][o.e.n.Node               ] [] initializing ...
[2017-12-15T16:11:28,381][INFO ][o.e.e.NodeEnvironment    ] [MOYZMGk] using [1] data paths, mounts [[/ (/dev/sda2)]], net usable_space [97.7gb], net total_space [172.5gb], spins? [no], types [ext4]
[2017-12-15T16:11:28,382][INFO ][o.e.e.NodeEnvironment    ] [MOYZMGk] heap size [1.9gb], compressed ordinary object pointers [true]
[2017-12-15T16:11:28,400][INFO ][o.e.n.Node               ] node name [MOYZMGk] derived from node ID [MOYZMGkARoi1m8dJlNyPMQ]; set [node.name] to override
[2017-12-15T16:11:28,400][INFO ][o.e.n.Node               ] version[5.5.2], pid[4905], build[b2f0c09/2017-08-14T12:33:14.154Z], OS[Linux/4.4.8-040408-generic/amd64], JVM[Oracle Corporation/OpenJDK 64-Bit Server VM/1.8.0_131/25.131-b11]
[2017-12-15T16:11:28,401][INFO ][o.e.n.Node               ] JVM arguments [-Xms2g, -Xmx2g, -XX:+UseConcMarkSweepGC, -XX:CMSInitiatingOccupancyFraction=75, -XX:+UseCMSInitiatingOccupancyOnly, -XX:+AlwaysPreTouch, -Xss1m, -Djava.awt.headless=true, -Dfile.encoding=UTF-8, -Djna.nosys=true, -Djdk.io.permissionsUseCanonicalPath=true, -Dio.netty.noUnsafe=true, -Dio.netty.noKeySetOptimization=true, -Dio.netty.recycler.maxCapacityPerThread=0, -Dlog4j.shutdownHookEnabled=false, -Dlog4j2.disable.jmx=true, -Dlog4j.skipJansi=true, -XX:+HeapDumpOnOutOfMemoryError, -Des.path.home=/home/eric/Projects/elasticsearch/DBPRO-DokCluster/applications/elasticsearch]
[2017-12-15T16:11:29,488][INFO ][o.e.p.PluginsService     ] [MOYZMGk] loaded module [aggs-matrix-stats]
[2017-12-15T16:11:29,488][INFO ][o.e.p.PluginsService     ] [MOYZMGk] loaded module [ingest-common]
[2017-12-15T16:11:29,489][INFO ][o.e.p.PluginsService     ] [MOYZMGk] loaded module [lang-expression]
[2017-12-15T16:11:29,489][INFO ][o.e.p.PluginsService     ] [MOYZMGk] loaded module [lang-groovy]
[2017-12-15T16:11:29,489][INFO ][o.e.p.PluginsService     ] [MOYZMGk] loaded module [lang-mustache]
[2017-12-15T16:11:29,489][INFO ][o.e.p.PluginsService     ] [MOYZMGk] loaded module [lang-painless]
[2017-12-15T16:11:29,489][INFO ][o.e.p.PluginsService     ] [MOYZMGk] loaded module [parent-join]
[2017-12-15T16:11:29,489][INFO ][o.e.p.PluginsService     ] [MOYZMGk] loaded module [percolator]
[2017-12-15T16:11:29,489][INFO ][o.e.p.PluginsService     ] [MOYZMGk] loaded module [reindex]
[2017-12-15T16:11:29,490][INFO ][o.e.p.PluginsService     ] [MOYZMGk] loaded module [transport-netty3]
[2017-12-15T16:11:29,490][INFO ][o.e.p.PluginsService     ] [MOYZMGk] loaded module [transport-netty4]
[2017-12-15T16:11:29,491][INFO ][o.e.p.PluginsService     ] [MOYZMGk] loaded plugin [elasticsearch-carrot2]
[2017-12-15T16:11:32,113][INFO ][o.e.d.DiscoveryModule    ] [MOYZMGk] using discovery type [zen]
[2017-12-15T16:11:33,144][INFO ][o.e.n.Node               ] initialized
[2017-12-15T16:11:33,144][INFO ][o.e.n.Node               ] [MOYZMGk] starting ...
[2017-12-15T16:11:33,146][INFO ][p.carrot2                ] Configuration files at: /home/eric/Projects/elasticsearch/DBPRO-DokCluster/applications/elasticsearch/config/elasticsearch-carrot2
[2017-12-15T16:11:34,070][INFO ][p.carrot2                ] Available clustering components: lingo, stc, kmeans, byurl
[2017-12-15T16:11:34,074][INFO ][p.carrot2                ] Unavailable clustering components: lingo3g
[2017-12-15T16:11:34,074][INFO ][p.carrot2                ] Lexical resources dir: /home/eric/Projects/elasticsearch/DBPRO-DokCluster/applications/elasticsearch/config/elasticsearch-carrot2
[2017-12-15T16:11:34,376][INFO ][o.e.t.TransportService   ] [MOYZMGk] publish_address {127.0.0.1:9300}, bound_addresses {[::1]:9300}, {127.0.0.1:9300}
[2017-12-15T16:11:34,409][WARN ][o.e.b.BootstrapChecks    ] [MOYZMGk] max virtual memory areas vm.max_map_count [65530] is too low, increase to at least [262144]
[2017-12-15T16:11:37,539][INFO ][o.e.c.s.ClusterService   ] [MOYZMGk] new_master {MOYZMGk}{MOYZMGkARoi1m8dJlNyPMQ}{g-hNIXOrSnqSpdv-co6tPQ}{127.0.0.1}{127.0.0.1:9300}, reason: zen-disco-elected-as-master ([0] nodes joined)
[2017-12-15T16:11:37,564][INFO ][o.e.h.n.Netty4HttpServerTransport] [MOYZMGk] publish_address {127.0.0.1:9200}, bound_addresses {[::1]:9200}, {127.0.0.1:9200}
[2017-12-15T16:11:37,565][INFO ][o.e.n.Node               ] [MOYZMGk] started
[2017-12-15T16:11:37,786][INFO ][o.e.g.GatewayService     ] [MOYZMGk] recovered [2] indices into cluster_state
[2017-12-15T16:11:38,432][INFO ][o.e.c.r.a.AllocationService] [MOYZMGk] Cluster health status changed from [RED] to [YELLOW] (reason: [shards started [[zotero][1]] ...]).
[2017-12-15T16:11:38,709][INFO ][o.e.c.m.MetaDataCreateIndexService] [MOYZMGk] [test] creating index, cause [auto(bulk api)], templates [], shards [5]/[1], mappings []
[2017-12-15T16:11:38,944][INFO ][o.e.c.m.MetaDataMappingService] [MOYZMGk] [test/lD5LT6z7SYeuMO8xbbCa_g] create_mapping [test]
[2017-12-15T20:22:08,589][INFO ][o.e.n.Node               ] [MOYZMGk] stopping ...
[2017-12-15T20:22:08,776][INFO ][o.e.n.Node               ] [MOYZMGk] stopped
[2017-12-15T20:22:08,777][INFO ][o.e.n.Node               ] [MOYZMGk] closing ...
[2017-12-15T20:22:08,796][INFO ][o.e.n.Node               ] [MOYZMGk] closed
