[2017-11-11T14:37:56,952][INFO ][o.e.n.Node               ] [] initializing ...
[2017-11-11T14:37:57,034][INFO ][o.e.e.NodeEnvironment    ] [7V2lC_q] using [1] data paths, mounts [[/ (/dev/sda2)]], net usable_space [99.3gb], net total_space [172.5gb], spins? [no], types [ext4]
[2017-11-11T14:37:57,034][INFO ][o.e.e.NodeEnvironment    ] [7V2lC_q] heap size [1.9gb], compressed ordinary object pointers [true]
[2017-11-11T14:37:57,055][INFO ][o.e.n.Node               ] node name [7V2lC_q] derived from node ID [7V2lC_qNS6qEKSoO9JgdyQ]; set [node.name] to override
[2017-11-11T14:37:57,055][INFO ][o.e.n.Node               ] version[5.5.2], pid[4392], build[b2f0c09/2017-08-14T12:33:14.154Z], OS[Linux/4.4.8-040408-generic/amd64], JVM[Oracle Corporation/OpenJDK 64-Bit Server VM/1.8.0_131/25.131-b11]
[2017-11-11T14:37:57,055][INFO ][o.e.n.Node               ] JVM arguments [-Xms2g, -Xmx2g, -XX:+UseConcMarkSweepGC, -XX:CMSInitiatingOccupancyFraction=75, -XX:+UseCMSInitiatingOccupancyOnly, -XX:+AlwaysPreTouch, -Xss1m, -Djava.awt.headless=true, -Dfile.encoding=UTF-8, -Djna.nosys=true, -Djdk.io.permissionsUseCanonicalPath=true, -Dio.netty.noUnsafe=true, -Dio.netty.noKeySetOptimization=true, -Dio.netty.recycler.maxCapacityPerThread=0, -Dlog4j.shutdownHookEnabled=false, -Dlog4j2.disable.jmx=true, -Dlog4j.skipJansi=true, -XX:+HeapDumpOnOutOfMemoryError, -Des.path.home=/home/eric/Projects/elasticsearch/DBPRO-DokCluster/applications/elasticsearch]
[2017-11-11T14:37:58,122][INFO ][o.e.p.PluginsService     ] [7V2lC_q] loaded module [aggs-matrix-stats]
[2017-11-11T14:37:58,123][INFO ][o.e.p.PluginsService     ] [7V2lC_q] loaded module [ingest-common]
[2017-11-11T14:37:58,123][INFO ][o.e.p.PluginsService     ] [7V2lC_q] loaded module [lang-expression]
[2017-11-11T14:37:58,123][INFO ][o.e.p.PluginsService     ] [7V2lC_q] loaded module [lang-groovy]
[2017-11-11T14:37:58,123][INFO ][o.e.p.PluginsService     ] [7V2lC_q] loaded module [lang-mustache]
[2017-11-11T14:37:58,123][INFO ][o.e.p.PluginsService     ] [7V2lC_q] loaded module [lang-painless]
[2017-11-11T14:37:58,124][INFO ][o.e.p.PluginsService     ] [7V2lC_q] loaded module [parent-join]
[2017-11-11T14:37:58,124][INFO ][o.e.p.PluginsService     ] [7V2lC_q] loaded module [percolator]
[2017-11-11T14:37:58,125][INFO ][o.e.p.PluginsService     ] [7V2lC_q] loaded module [reindex]
[2017-11-11T14:37:58,126][INFO ][o.e.p.PluginsService     ] [7V2lC_q] loaded module [transport-netty3]
[2017-11-11T14:37:58,126][INFO ][o.e.p.PluginsService     ] [7V2lC_q] loaded module [transport-netty4]
[2017-11-11T14:37:58,126][INFO ][o.e.p.PluginsService     ] [7V2lC_q] loaded plugin [elasticsearch-carrot2]
[2017-11-11T14:37:59,739][INFO ][o.e.d.DiscoveryModule    ] [7V2lC_q] using discovery type [zen]
[2017-11-11T14:38:00,658][INFO ][o.e.n.Node               ] initialized
[2017-11-11T14:38:00,658][INFO ][o.e.n.Node               ] [7V2lC_q] starting ...
[2017-11-11T14:38:00,659][INFO ][p.carrot2                ] Configuration files at: /home/eric/Projects/elasticsearch/DBPRO-DokCluster/applications/elasticsearch/config/elasticsearch-carrot2
[2017-11-11T14:38:01,182][INFO ][p.carrot2                ] Available clustering components: lingo, stc, kmeans, byurl
[2017-11-11T14:38:01,182][INFO ][p.carrot2                ] Unavailable clustering components: lingo3g
[2017-11-11T14:38:01,182][INFO ][p.carrot2                ] Lexical resources dir: /home/eric/Projects/elasticsearch/DBPRO-DokCluster/applications/elasticsearch/config/elasticsearch-carrot2
[2017-11-11T14:38:01,361][INFO ][o.e.t.TransportService   ] [7V2lC_q] publish_address {127.0.0.1:9300}, bound_addresses {[::1]:9300}, {127.0.0.1:9300}
[2017-11-11T14:38:01,372][WARN ][o.e.b.BootstrapChecks    ] [7V2lC_q] max virtual memory areas vm.max_map_count [65530] is too low, increase to at least [262144]
[2017-11-11T14:38:04,444][INFO ][o.e.c.s.ClusterService   ] [7V2lC_q] new_master {7V2lC_q}{7V2lC_qNS6qEKSoO9JgdyQ}{E4fnk6tyQFyr5AilLRMhyA}{127.0.0.1}{127.0.0.1:9300}, reason: zen-disco-elected-as-master ([0] nodes joined)
[2017-11-11T14:38:04,480][INFO ][o.e.h.n.Netty4HttpServerTransport] [7V2lC_q] publish_address {127.0.0.1:9200}, bound_addresses {[::1]:9200}, {127.0.0.1:9200}
[2017-11-11T14:38:04,481][INFO ][o.e.n.Node               ] [7V2lC_q] started
[2017-11-11T14:38:04,656][INFO ][o.e.g.GatewayService     ] [7V2lC_q] recovered [2] indices into cluster_state
[2017-11-11T14:38:05,049][INFO ][o.e.c.r.a.AllocationService] [7V2lC_q] Cluster health status changed from [RED] to [YELLOW] (reason: [shards started [[.kibana][0], [test][1]] ...]).
[2017-11-11T14:42:28,452][INFO ][o.e.c.m.MetaDataMappingService] [7V2lC_q] [.kibana/jva_URUARtiPCdLLqeZKvQ] create_mapping [index-pattern]
[2017-11-11T15:53:37,105][INFO ][o.e.c.m.MetaDataMappingService] [7V2lC_q] [.kibana/jva_URUARtiPCdLLqeZKvQ] update_mapping [config]
[2017-11-11T15:53:41,461][INFO ][o.e.c.m.MetaDataMappingService] [7V2lC_q] [.kibana/jva_URUARtiPCdLLqeZKvQ] create_mapping [search]
[2017-11-11T15:53:47,533][INFO ][o.e.c.m.MetaDataMappingService] [7V2lC_q] [.kibana/jva_URUARtiPCdLLqeZKvQ] update_mapping [config]
[2017-11-11T16:16:59,355][INFO ][o.e.n.Node               ] [7V2lC_q] stopping ...
[2017-11-11T16:16:59,559][INFO ][o.e.n.Node               ] [7V2lC_q] stopped
[2017-11-11T16:16:59,560][INFO ][o.e.n.Node               ] [7V2lC_q] closing ...
[2017-11-11T16:16:59,576][INFO ][o.e.n.Node               ] [7V2lC_q] closed
